\BOOKMARK [1][-]{section*.2}{\376\377\000I\000n\000t\000r\000o\000d\000u\000c\000t\000i\000o\000n\000:}{}% 1
\BOOKMARK [1][-]{section*.3}{\376\377\000S\000i\000g\000n\000i\000f\000i\000c\000a\000n\000c\000e\000\040\000a\000n\000d\000\040\000P\000r\000o\000b\000l\000e\000m\000\040\000S\000t\000a\000t\000e\000m\000e\000n\000t\000:}{}% 2
\BOOKMARK [1][-]{section*.4}{\376\377\000L\000i\000t\000e\000r\000a\000t\000u\000r\000e\000\040\000R\000e\000v\000i\000e\000w}{}% 3
\BOOKMARK [2][-]{section*.5}{\376\377\000F\000i\000n\000a\000n\000c\000i\000a\000l\000\040\000B\000e\000h\000a\000v\000i\000o\000r\000\040\000o\000f\000\040\000S\000a\000u\000d\000i\000\040\000C\000o\000l\000l\000e\000g\000e\000\040\000S\000t\000u\000d\000e\000n\000t\000s}{section*.4}% 4
\BOOKMARK [2][-]{section*.6}{\376\377\000T\000h\000e\000\040\000R\000o\000l\000e\000\040\000o\000f\000\040\000F\000i\000n\000a\000n\000c\000i\000a\000l\000\040\000E\000d\000u\000c\000a\000t\000i\000o\000n}{section*.4}% 5
\BOOKMARK [2][-]{section*.7}{\376\377\000S\000o\000c\000i\000o\000e\000c\000o\000n\000o\000m\000i\000c\000\040\000B\000a\000c\000k\000g\000r\000o\000u\000n\000d\000\040\000a\000n\000d\000\040\000S\000p\000e\000n\000d\000i\000n\000g\000\040\000P\000a\000t\000t\000e\000r\000n\000s}{section*.4}% 6
\BOOKMARK [2][-]{section*.8}{\376\377\000C\000u\000l\000t\000u\000r\000a\000l\000\040\000I\000n\000f\000l\000u\000e\000n\000c\000e\000s\000\040\000o\000n\000\040\000F\000i\000n\000a\000n\000c\000i\000a\000l\000\040\000B\000e\000h\000a\000v\000i\000o\000r}{section*.4}% 7
\BOOKMARK [2][-]{section*.9}{\376\377\000L\000i\000f\000e\000s\000t\000y\000l\000e\000\040\000C\000h\000o\000i\000c\000e\000s\000\040\000a\000n\000d\000\040\000E\000x\000p\000e\000n\000d\000i\000t\000u\000r\000e\000\040\000P\000a\000t\000t\000e\000r\000n\000s}{section*.4}% 8
\BOOKMARK [2][-]{section*.10}{\376\377\000C\000u\000l\000t\000u\000r\000a\000l\000\040\000a\000n\000d\000\040\000F\000a\000m\000i\000l\000i\000a\000l\000\040\000I\000n\000f\000l\000u\000e\000n\000c\000e}{section*.4}% 9
\BOOKMARK [2][-]{section*.11}{\376\377\000G\000l\000o\000b\000a\000l\000\040\000P\000e\000r\000s\000p\000e\000c\000t\000i\000v\000e\000:}{section*.4}% 10
\BOOKMARK [2][-]{section*.12}{\376\377\000R\000e\000g\000i\000o\000n\000a\000l\000\040\000V\000a\000r\000i\000a\000n\000c\000e\000s\000:}{section*.4}% 11
\BOOKMARK [2][-]{section*.13}{\376\377\000R\000e\000s\000e\000a\000r\000c\000h\000\040\000G\000a\000p\000:}{section*.4}% 12
\BOOKMARK [1][-]{section*.14}{\376\377\000D\000a\000t\000a}{}% 13
\BOOKMARK [2][-]{section*.15}{\376\377\000S\000o\000u\000r\000c\000e\000\040\000o\000f\000\040\000S\000u\000r\000v\000e\000y\000\040\000Q\000u\000e\000s\000t\000i\000o\000n\000s\000:}{section*.14}% 14
\BOOKMARK [2][-]{section*.16}{\376\377\000U\000n\000i\000t\000\040\000o\000f\000\040\000O\000b\000s\000e\000r\000v\000a\000t\000i\000o\000n\000:}{section*.14}% 15
\BOOKMARK [2][-]{section*.17}{\376\377\000O\000u\000t\000c\000o\000m\000e\000\040\000V\000a\000r\000i\000a\000b\000l\000e\000:}{section*.14}% 16
\BOOKMARK [2][-]{section*.18}{\376\377\000P\000r\000e\000d\000i\000c\000t\000o\000r\000\040\000V\000a\000r\000i\000a\000b\000l\000e\000s\000:}{section*.14}% 17
\BOOKMARK [2][-]{section*.19}{\376\377\000P\000o\000t\000e\000n\000t\000i\000a\000l\000\040\000I\000s\000s\000u\000e\000s\000\040\000w\000i\000t\000h\000\040\000t\000h\000e\000\040\000D\000a\000t\000a\000:}{section*.14}% 18
\BOOKMARK [1][-]{section*.20}{\376\377\000M\000e\000t\000h\000o\000d\000s\000\040\000a\000n\000d\000\040\000T\000o\000o\000l\000s\000\040\000E\000x\000p\000l\000o\000r\000a\000t\000i\000o\000n}{}% 19
\BOOKMARK [2][-]{section*.21}{\376\377\000D\000a\000t\000a\000\040\000C\000o\000l\000l\000e\000c\000t\000i\000o\000n\000\040\000a\000n\000d\000\040\000P\000r\000e\000p\000r\000o\000c\000e\000s\000s\000i\000n\000g}{section*.20}% 20
\BOOKMARK [2][-]{section*.22}{\376\377\000F\000e\000a\000t\000u\000r\000e\000\040\000S\000e\000l\000e\000c\000t\000i\000o\000n\000\040\000a\000n\000d\000\040\000P\000r\000e\000d\000i\000c\000t\000o\000r\000\040\000V\000a\000r\000i\000a\000b\000l\000e\000s}{section*.20}% 21
\BOOKMARK [2][-]{section*.23}{\376\377\000J\000u\000s\000t\000i\000f\000i\000c\000a\000t\000i\000o\000n\000\040\000o\000f\000\040\000T\000o\000o\000l\000s\000/\000M\000e\000t\000h\000o\000d\000s}{section*.20}% 22
\BOOKMARK [1][-]{section*.24}{\376\377\000R\000e\000s\000u\000l\000t\000s}{}% 23
\BOOKMARK [2][-]{section*.25}{\376\377\000R\000a\000n\000d\000o\000m\000\040\000F\000o\000r\000e\000s\000t\000\040\000R\000e\000g\000r\000e\000s\000s\000i\000o\000n\000:}{section*.24}% 24
\BOOKMARK [2][-]{section*.26}{\376\377\000L\000i\000n\000e\000a\000r\000\040\000R\000e\000g\000r\000e\000s\000s\000i\000o\000n\000:}{section*.24}% 25
\BOOKMARK [2][-]{section*.27}{\376\377\000S\000u\000p\000p\000o\000r\000t\000\040\000V\000e\000c\000t\000o\000r\000\040\000M\000a\000c\000h\000i\000n\000e\000\040\000\050\000S\000V\000M\000\051\000:}{section*.24}% 26
\BOOKMARK [2][-]{section*.28}{\376\377\000G\000r\000a\000d\000i\000e\000n\000t\000\040\000B\000o\000o\000s\000t\000i\000n\000g\000\040\000R\000e\000g\000r\000e\000s\000s\000i\000o\000n\000:}{section*.24}% 27
\BOOKMARK [1][-]{section*.29}{\376\377\000D\000i\000s\000c\000u\000s\000s\000i\000o\000n}{}% 28
